<?xml version="1.0" encoding="UTF-8"?>
<testng-results skipped="0" failed="0" total="2" passed="2">
  <reporter-output>
  </reporter-output>
  <suite name="Default suite" duration-ms="26040" started-at="2019-11-08T22:02:00Z" finished-at="2019-11-08T22:02:26Z">
    <groups>
    </groups>
    <test name="Default test" duration-ms="26040" started-at="2019-11-08T22:02:00Z" finished-at="2019-11-08T22:02:26Z">
      <class name="pkg.DataproviderDemo">
        <test-method status="PASS" signature="openBrowser(java.lang.String)[pri:0, instance:pkg.DataproviderDemo@343f4d3d]" name="openBrowser" duration-ms="9120" started-at="2019-11-08T22:02:00Z" data-provider="Browser" finished-at="2019-11-08T22:02:09Z">
          <params>
            <param index="0">
              <value>
                <![CDATA[Chrome]]>
              </value>
            </param>
          </params>
        </test-method> <!-- openBrowser -->
        <test-method status="PASS" signature="openBrowser(java.lang.String)[pri:0, instance:pkg.DataproviderDemo@343f4d3d]" name="openBrowser" duration-ms="16873" started-at="2019-11-08T22:02:09Z" data-provider="Browser" finished-at="2019-11-08T22:02:26Z">
          <params>
            <param index="0">
              <value>
                <![CDATA[firefox]]>
              </value>
            </param>
          </params>
        </test-method> <!-- openBrowser -->
      </class> <!-- pkg.DataproviderDemo -->
    </test> <!-- Default test -->
  </suite> <!-- Default suite -->
</testng-results>
